d:\develop\devc++ by vs\spaceshipdefend\spaceshipdefend\x64\debug\vc143.pdb
d:\develop\devc++ by vs\spaceshipdefend\spaceshipdefend\x64\debug\vc143.idb
d:\develop\devc++ by vs\spaceshipdefend\spaceshipdefend\x64\debug\struct.obj
d:\develop\devc++ by vs\spaceshipdefend\spaceshipdefend\x64\debug\story_chapter_2.obj
d:\develop\devc++ by vs\spaceshipdefend\spaceshipdefend\x64\debug\story_chapter_1.obj
d:\develop\devc++ by vs\spaceshipdefend\spaceshipdefend\x64\debug\stickynote.obj
d:\develop\devc++ by vs\spaceshipdefend\spaceshipdefend\x64\debug\stage_chapter_game.obj
d:\develop\devc++ by vs\spaceshipdefend\spaceshipdefend\x64\debug\stage_chapter_2.obj
d:\develop\devc++ by vs\spaceshipdefend\spaceshipdefend\x64\debug\stage_chapter_1.obj
d:\develop\devc++ by vs\spaceshipdefend\spaceshipdefend\x64\debug\random.obj
d:\develop\devc++ by vs\spaceshipdefend\spaceshipdefend\x64\debug\player.obj
d:\develop\devc++ by vs\spaceshipdefend\spaceshipdefend\x64\debug\source.obj
d:\develop\devc++ by vs\spaceshipdefend\spaceshipdefend\x64\debug\loginscreen.obj
d:\develop\devc++ by vs\spaceshipdefend\spaceshipdefend\x64\debug\loadingscreen.obj
d:\develop\devc++ by vs\spaceshipdefend\spaceshipdefend\x64\debug\loadingplot.obj
d:\develop\devc++ by vs\spaceshipdefend\spaceshipdefend\x64\debug\info_about_game.obj
d:\develop\devc++ by vs\spaceshipdefend\spaceshipdefend\x64\debug\functions_control_console.obj
d:\develop\devc++ by vs\spaceshipdefend\spaceshipdefend\x64\debug\enemy.obj
d:\develop\devc++ by vs\spaceshipdefend\spaceshipdefend\x64\debug\endgame.obj
d:\develop\devc++ by vs\spaceshipdefend\spaceshipdefend\x64\debug\effects_text.obj
d:\develop\devc++ by vs\spaceshipdefend\spaceshipdefend\x64\debug\activities.obj
d:\develop\devc++ by vs\spaceshipdefend\spaceshipdefend\x64\debug\about_me.obj
d:\develop\devc++ by vs\spaceshipdefend\spaceshipdefend\x64\debug\variable.obj
d:\develop\devc++ by vs\spaceshipdefend\spaceshipdefend\x64\debug\infoplayer.obj
d:\develop\devc++ by vs\spaceshipdefend\spaceshipdefend\x64\debug\welcomescreen.obj
d:\develop\devc++ by vs\spaceshipdefend\spaceshipdefend\x64\debug\listplayers.obj
d:\develop\devc++ by vs\spaceshipdefend\spaceshipdefend\x64\debug\testing_files.obj
d:\develop\devc++ by vs\spaceshipdefend\spaceshipdefend\x64\debug\functions_control_cursor_game.obj
d:\develop\devc++ by vs\spaceshipdefend\x64\debug\spaceshipdefend.exe
d:\develop\devc++ by vs\spaceshipdefend\spaceshipdefend\x64\debug\spaceshipdefend.ilk
d:\develop\devc++ by vs\spaceshipdefend\x64\debug\spaceshipdefend.pdb
d:\develop\devc++ by vs\spaceshipdefend\spaceshipdefend\x64\debug\functions_control_cursor_game.obj.enc
d:\develop\devc++ by vs\spaceshipdefend\spaceshipdefend\x64\debug\infoplayer.obj.enc
d:\develop\devc++ by vs\spaceshipdefend\spaceshipdefend\x64\debug\listplayers.obj.enc
d:\develop\devc++ by vs\spaceshipdefend\spaceshipdefend\x64\debug\source.obj.enc
d:\develop\devc++ by vs\spaceshipdefend\spaceshipdefend\x64\debug\welcomescreen.obj.enc
d:\develop\devc++ by vs\spaceshipdefend\spaceshipdefend\x64\debug\spaceshipdefend.tlog\cl.command.1.tlog
d:\develop\devc++ by vs\spaceshipdefend\spaceshipdefend\x64\debug\spaceshipdefend.tlog\cl.read.1.tlog
d:\develop\devc++ by vs\spaceshipdefend\spaceshipdefend\x64\debug\spaceshipdefend.tlog\cl.write.1.tlog
d:\develop\devc++ by vs\spaceshipdefend\spaceshipdefend\x64\debug\spaceshipdefend.tlog\link.command.1.tlog
d:\develop\devc++ by vs\spaceshipdefend\spaceshipdefend\x64\debug\spaceshipdefend.tlog\link.read.1.tlog
d:\develop\devc++ by vs\spaceshipdefend\spaceshipdefend\x64\debug\spaceshipdefend.tlog\link.write.1.tlog
